{"contracts/ICO.sol":{"l":{"29":14,"30":14,"37":4,"38":4,"39":4,"41":4,"42":4,"43":4,"44":4,"45":4,"47":4,"58":3,"59":3,"60":3,"61":3,"62":3,"63":3,"64":3,"72":0,"79":14,"86":14,"87":14,"88":14,"90":12,"92":2,"95":4,"98":6,"104":4,"105":2,"106":2,"108":2,"113":2,"114":2,"115":2,"116":2,"118":2,"123":10,"124":10,"125":5,"126":5,"127":5,"128":5,"130":5,"135":7,"136":7,"137":7,"141":14,"142":20,"143":20,"144":12,"148":2},"path":"/Users/yangli/dev/OLT/contracts/ICO.sol","s":{"1":14,"2":4,"3":4,"4":4,"5":4,"6":4,"7":4,"8":4,"9":4,"10":4,"11":3,"12":3,"13":3,"14":3,"15":3,"16":3,"17":3,"18":0,"19":14,"20":14,"21":14,"22":14,"23":12,"24":2,"25":10,"26":4,"27":6,"28":4,"29":2,"30":2,"31":2,"32":2,"33":2,"34":2,"35":2,"36":2,"37":2,"38":10,"39":10,"40":5,"41":5,"42":5,"43":5,"44":5,"45":5,"46":7,"47":14,"48":20,"49":20,"50":12,"51":2},"b":{"1":[14,0],"2":[4,0],"3":[4,0],"4":[4,0],"5":[3,0],"6":[12,2],"7":[2,10],"8":[4,6],"9":[2,2],"10":[2,0],"11":[2,0],"12":[5,5],"13":[5,0],"14":[12,8]},"f":{"1":14,"2":4,"3":3,"4":0,"5":14,"6":14,"7":4,"8":2,"9":10,"10":7,"11":14},"fnMap":{"1":{"name":"isNotClosed","line":28,"loc":{"start":{"line":28,"column":2},"end":{"line":28,"column":24}}},"2":{"name":"ICO","line":36,"loc":{"start":{"line":36,"column":2},"end":{"line":36,"column":67}}},"3":{"name":"whiteList","line":57,"loc":{"start":{"line":57,"column":2},"end":{"line":57,"column":102}}},"4":{"name":"closeSale","line":71,"loc":{"start":{"line":71,"column":2},"end":{"line":71,"column":39}}},"5":{"name":null,"line":78,"loc":{"start":{"line":78,"column":2},"end":{"line":78,"column":30}}},"6":{"name":"buyTokens","line":85,"loc":{"start":{"line":85,"column":2},"end":{"line":85,"column":64}}},"7":{"name":"resetUsedWei","line":103,"loc":{"start":{"line":103,"column":2},"end":{"line":103,"column":82}}},"8":{"name":"freeForAll","line":112,"loc":{"start":{"line":112,"column":2},"end":{"line":112,"column":47}}},"9":{"name":"buyWithLimit","line":122,"loc":{"start":{"line":122,"column":2},"end":{"line":122,"column":94}}},"10":{"name":"doPurchase","line":134,"loc":{"start":{"line":134,"column":2},"end":{"line":134,"column":65}}},"11":{"name":"findUserFromWhiteList","line":140,"loc":{"start":{"line":140,"column":2},"end":{"line":140,"column":91}}}},"statementMap":{"1":{"start":{"line":29,"column":4},"end":{"line":29,"column":23}},"2":{"start":{"line":37,"column":4},"end":{"line":37,"column":21}},"3":{"start":{"line":38,"column":4},"end":{"line":38,"column":33}},"4":{"start":{"line":39,"column":4},"end":{"line":39,"column":32}},"5":{"start":{"line":41,"column":4},"end":{"line":41,"column":19}},"6":{"start":{"line":42,"column":4},"end":{"line":42,"column":17}},"7":{"start":{"line":43,"column":4},"end":{"line":43,"column":15}},"8":{"start":{"line":44,"column":4},"end":{"line":44,"column":20}},"9":{"start":{"line":45,"column":4},"end":{"line":45,"column":21}},"10":{"start":{"line":47,"column":4},"end":{"line":47,"column":60}},"11":{"start":{"line":58,"column":4},"end":{"line":58,"column":43}},"12":{"start":{"line":59,"column":4},"end":{"line":59,"column":1630}},"13":{"start":{"line":60,"column":6},"end":{"line":60,"column":56}},"14":{"start":{"line":61,"column":6},"end":{"line":61,"column":66}},"15":{"start":{"line":62,"column":6},"end":{"line":62,"column":47}},"16":{"start":{"line":63,"column":6},"end":{"line":63,"column":57}},"17":{"start":{"line":64,"column":6},"end":{"line":64,"column":50}},"18":{"start":{"line":72,"column":4},"end":{"line":72,"column":20}},"19":{"start":{"line":79,"column":4},"end":{"line":79,"column":14}},"20":{"start":{"line":86,"column":4},"end":{"line":86,"column":41}},"21":{"start":{"line":87,"column":4},"end":{"line":87,"column":72}},"22":{"start":{"line":88,"column":4},"end":{"line":88,"column":38}},"23":{"start":{"line":90,"column":4},"end":{"line":90,"column":2506}},"24":{"start":{"line":92,"column":6},"end":{"line":92,"column":25}},"25":{"start":{"line":93,"column":11},"end":{"line":93,"column":2595}},"26":{"start":{"line":95,"column":6},"end":{"line":95,"column":85}},"27":{"start":{"line":98,"column":6},"end":{"line":98,"column":64}},"28":{"start":{"line":104,"column":4},"end":{"line":104,"column":2950}},"29":{"start":{"line":105,"column":6},"end":{"line":105,"column":58}},"30":{"start":{"line":106,"column":6},"end":{"line":106,"column":54}},"31":{"start":{"line":108,"column":6},"end":{"line":108,"column":25}},"32":{"start":{"line":113,"column":4},"end":{"line":113,"column":32}},"33":{"start":{"line":114,"column":4},"end":{"line":114,"column":26}},"34":{"start":{"line":115,"column":4},"end":{"line":115,"column":43}},"35":{"start":{"line":116,"column":4},"end":{"line":116,"column":3336}},"36":{"start":{"line":117,"column":11},"end":{"line":117,"column":64}},"37":{"start":{"line":118,"column":6},"end":{"line":118,"column":17}},"38":{"start":{"line":123,"column":4},"end":{"line":123,"column":32}},"39":{"start":{"line":124,"column":4},"end":{"line":124,"column":78}},"40":{"start":{"line":125,"column":4},"end":{"line":125,"column":43}},"41":{"start":{"line":126,"column":4},"end":{"line":126,"column":3726}},"42":{"start":{"line":127,"column":6},"end":{"line":127,"column":67}},"43":{"start":{"line":128,"column":6},"end":{"line":128,"column":61}},"44":{"start":{"line":129,"column":11},"end":{"line":129,"column":64}},"45":{"start":{"line":130,"column":6},"end":{"line":130,"column":17}},"46":{"start":{"line":137,"column":4},"end":{"line":137,"column":15}},"47":{"start":{"line":141,"column":4},"end":{"line":141,"column":4249}},"48":{"start":{"line":142,"column":6},"end":{"line":142,"column":55}},"49":{"start":{"line":143,"column":6},"end":{"line":143,"column":4346}},"50":{"start":{"line":144,"column":8},"end":{"line":144,"column":27}},"51":{"start":{"line":148,"column":4},"end":{"line":148,"column":31}}},"branchMap":{"1":{"line":29,"type":"if","locations":[{"start":{"line":29,"column":4},"end":{"line":29,"column":4}},{"start":{"line":29,"column":4},"end":{"line":29,"column":4}}]},"2":{"line":37,"type":"if","locations":[{"start":{"line":37,"column":4},"end":{"line":37,"column":4}},{"start":{"line":37,"column":4},"end":{"line":37,"column":4}}]},"3":{"line":38,"type":"if","locations":[{"start":{"line":38,"column":4},"end":{"line":38,"column":4}},{"start":{"line":38,"column":4},"end":{"line":38,"column":4}}]},"4":{"line":39,"type":"if","locations":[{"start":{"line":39,"column":4},"end":{"line":39,"column":4}},{"start":{"line":39,"column":4},"end":{"line":39,"column":4}}]},"5":{"line":58,"type":"if","locations":[{"start":{"line":58,"column":4},"end":{"line":58,"column":4}},{"start":{"line":58,"column":4},"end":{"line":58,"column":4}}]},"6":{"line":88,"type":"if","locations":[{"start":{"line":88,"column":4},"end":{"line":88,"column":4}},{"start":{"line":88,"column":4},"end":{"line":88,"column":4}}]},"7":{"line":90,"type":"if","locations":[{"start":{"line":90,"column":4},"end":{"line":90,"column":4}},{"start":{"line":90,"column":4},"end":{"line":90,"column":4}}]},"8":{"line":93,"type":"if","locations":[{"start":{"line":93,"column":11},"end":{"line":93,"column":11}},{"start":{"line":93,"column":11},"end":{"line":93,"column":11}}]},"9":{"line":104,"type":"if","locations":[{"start":{"line":104,"column":4},"end":{"line":104,"column":4}},{"start":{"line":104,"column":4},"end":{"line":104,"column":4}}]},"10":{"line":114,"type":"if","locations":[{"start":{"line":114,"column":4},"end":{"line":114,"column":4}},{"start":{"line":114,"column":4},"end":{"line":114,"column":4}}]},"11":{"line":116,"type":"if","locations":[{"start":{"line":116,"column":4},"end":{"line":116,"column":4}},{"start":{"line":116,"column":4},"end":{"line":116,"column":4}}]},"12":{"line":124,"type":"if","locations":[{"start":{"line":124,"column":4},"end":{"line":124,"column":4}},{"start":{"line":124,"column":4},"end":{"line":124,"column":4}}]},"13":{"line":126,"type":"if","locations":[{"start":{"line":126,"column":4},"end":{"line":126,"column":4}},{"start":{"line":126,"column":4},"end":{"line":126,"column":4}}]},"14":{"line":143,"type":"if","locations":[{"start":{"line":143,"column":6},"end":{"line":143,"column":6}},{"start":{"line":143,"column":6},"end":{"line":143,"column":6}}]}}},"contracts/OneledgerToken.sol":{"l":{"29":50,"30":50,"31":19,"32":19,"33":19,"34":55,"35":55,"36":27,"39":19,"41":41,"48":9,"49":9,"56":52,"57":50,"64":21,"65":21,"66":21,"74":5,"84":9,"85":9,"86":4,"88":9,"95":17,"102":37,"109":4},"path":"/Users/yangli/dev/OLT/contracts/OneledgerToken.sol","s":{"1":50,"2":50,"3":19,"4":19,"5":19,"6":55,"7":55,"8":27,"9":19,"10":9,"11":52,"12":21,"13":21,"14":21,"15":5,"16":9,"17":9,"18":4,"19":17,"20":37,"21":4},"b":{"1":[19,31],"2":[27,28],"3":[10,9],"4":[9,0],"5":[50,2],"6":[4,5]},"f":{"1":50,"2":9,"3":52,"4":21,"5":5,"6":9,"7":17,"8":37,"9":4},"fnMap":{"1":{"name":"allowedByTimeLocker","line":28,"loc":{"start":{"line":28,"column":2},"end":{"line":28,"column":59}}},"2":{"name":"onlyTimelockKeeper","line":47,"loc":{"start":{"line":47,"column":2},"end":{"line":47,"column":31}}},"3":{"name":"onlyActiveOrOwner","line":55,"loc":{"start":{"line":55,"column":2},"end":{"line":55,"column":30}}},"4":{"name":"OneledgerToken","line":63,"loc":{"start":{"line":63,"column":2},"end":{"line":63,"column":34}}},"5":{"name":"setTimelockKeeper","line":73,"loc":{"start":{"line":73,"column":2},"end":{"line":73,"column":61}}},"6":{"name":"addLocker","line":83,"loc":{"start":{"line":83,"column":2},"end":{"line":83,"column":99}}},"7":{"name":"activate","line":94,"loc":{"start":{"line":94,"column":2},"end":{"line":94,"column":38}}},"8":{"name":"transfer","line":101,"loc":{"start":{"line":101,"column":2},"end":{"line":101,"column":124}}},"9":{"name":"transferFrom","line":108,"loc":{"start":{"line":108,"column":2},"end":{"line":108,"column":137}}}},"statementMap":{"1":{"start":{"line":29,"column":4},"end":{"line":29,"column":69}},"2":{"start":{"line":30,"column":4},"end":{"line":30,"column":1015}},"3":{"start":{"line":31,"column":6},"end":{"line":31,"column":29}},"4":{"start":{"line":32,"column":6},"end":{"line":32,"column":75}},"5":{"start":{"line":33,"column":6},"end":{"line":33,"column":1157}},"6":{"start":{"line":34,"column":8},"end":{"line":34,"column":67}},"7":{"start":{"line":35,"column":8},"end":{"line":35,"column":1288}},"8":{"start":{"line":36,"column":10},"end":{"line":36,"column":44}},"9":{"start":{"line":39,"column":6},"end":{"line":39,"column":52}},"10":{"start":{"line":48,"column":4},"end":{"line":48,"column":40}},"11":{"start":{"line":56,"column":4},"end":{"line":56,"column":49}},"12":{"start":{"line":64,"column":6},"end":{"line":64,"column":34}},"13":{"start":{"line":65,"column":6},"end":{"line":65,"column":42}},"14":{"start":{"line":66,"column":6},"end":{"line":66,"column":19}},"15":{"start":{"line":74,"column":4},"end":{"line":74,"column":26}},"16":{"start":{"line":84,"column":4},"end":{"line":84,"column":76}},"17":{"start":{"line":85,"column":4},"end":{"line":85,"column":2549}},"18":{"start":{"line":86,"column":6},"end":{"line":86,"column":36}},"19":{"start":{"line":95,"column":4},"end":{"line":95,"column":16}},"20":{"start":{"line":102,"column":4},"end":{"line":102,"column":36}},"21":{"start":{"line":109,"column":4},"end":{"line":109,"column":46}}},"branchMap":{"1":{"line":30,"type":"if","locations":[{"start":{"line":30,"column":4},"end":{"line":30,"column":4}},{"start":{"line":30,"column":4},"end":{"line":30,"column":4}}]},"2":{"line":35,"type":"if","locations":[{"start":{"line":35,"column":8},"end":{"line":35,"column":8}},{"start":{"line":35,"column":8},"end":{"line":35,"column":8}}]},"3":{"line":39,"type":"if","locations":[{"start":{"line":39,"column":6},"end":{"line":39,"column":6}},{"start":{"line":39,"column":6},"end":{"line":39,"column":6}}]},"4":{"line":48,"type":"if","locations":[{"start":{"line":48,"column":4},"end":{"line":48,"column":4}},{"start":{"line":48,"column":4},"end":{"line":48,"column":4}}]},"5":{"line":56,"type":"if","locations":[{"start":{"line":56,"column":4},"end":{"line":56,"column":4}},{"start":{"line":56,"column":4},"end":{"line":56,"column":4}}]},"6":{"line":85,"type":"if","locations":[{"start":{"line":85,"column":4},"end":{"line":85,"column":4}},{"start":{"line":85,"column":4},"end":{"line":85,"column":4}}]}}},"contracts/ReleasePlanStruct.sol":{"l":{},"path":"/Users/yangli/dev/OLT/contracts/ReleasePlanStruct.sol","s":{},"b":{},"f":{},"fnMap":{},"statementMap":{},"branchMap":{}},"contracts/TimeLock.sol":{"l":{"25":3,"39":1,"40":1,"41":1,"43":1,"44":1,"45":1,"46":3,"47":3,"48":3,"50":1,"51":1,"53":1},"path":"/Users/yangli/dev/OLT/contracts/TimeLock.sol","s":{"1":3,"2":1,"3":1,"4":1,"5":1,"6":1,"7":1,"8":3,"9":3,"10":1,"11":1},"b":{"1":[1,0],"2":[1,0],"3":[1,0]},"f":{"1":3,"2":1},"fnMap":{"1":{"name":"TimeLock","line":24,"loc":{"start":{"line":24,"column":2},"end":{"line":24,"column":49}}},"2":{"name":"deposit","line":33,"loc":{"start":{"line":33,"column":2},"end":{"line":38,"column":38}}}},"statementMap":{"1":{"start":{"line":25,"column":6},"end":{"line":25,"column":19}},"2":{"start":{"line":39,"column":4},"end":{"line":39,"column":29}},"3":{"start":{"line":40,"column":4},"end":{"line":40,"column":38}},"4":{"start":{"line":41,"column":4},"end":{"line":41,"column":50}},"5":{"start":{"line":43,"column":4},"end":{"line":43,"column":42}},"6":{"start":{"line":44,"column":4},"end":{"line":44,"column":35}},"7":{"start":{"line":45,"column":4},"end":{"line":45,"column":1142}},"8":{"start":{"line":47,"column":6},"end":{"line":47,"column":46}},"9":{"start":{"line":48,"column":6},"end":{"line":48,"column":24}},"10":{"start":{"line":52,"column":9},"end":{"line":52,"column":97}},"11":{"start":{"line":53,"column":4},"end":{"line":53,"column":15}}},"branchMap":{"1":{"line":39,"type":"if","locations":[{"start":{"line":39,"column":4},"end":{"line":39,"column":4}},{"start":{"line":39,"column":4},"end":{"line":39,"column":4}}]},"2":{"line":40,"type":"if","locations":[{"start":{"line":40,"column":4},"end":{"line":40,"column":4}},{"start":{"line":40,"column":4},"end":{"line":40,"column":4}}]},"3":{"line":41,"type":"if","locations":[{"start":{"line":41,"column":4},"end":{"line":41,"column":4}},{"start":{"line":41,"column":4},"end":{"line":41,"column":4}}]}}}}