{"contracts/ICO.sol":{"l":{"35":21,"36":20,"37":19,"39":18,"40":18,"41":18,"42":18,"43":18,"44":18,"46":18,"53":27,"60":27,"61":13,"62":13,"63":13,"64":13,"65":13,"76":13,"77":13,"85":4,"86":4,"87":4,"88":4,"92":27,"93":26,"94":24,"95":22,"97":21,"98":15,"100":15,"102":14},"path":"/Users/yangli/dev/OLT/contracts/ICO.sol","s":{"1":21,"2":20,"3":19,"4":18,"5":18,"6":18,"7":18,"8":18,"9":18,"10":18,"11":27,"12":27,"13":13,"14":13,"15":13,"16":13,"17":13,"18":13,"19":4,"20":27,"21":26,"22":24,"23":22,"24":21,"25":15,"26":15,"27":14},"b":{"1":[20,1],"2":[19,1],"3":[18,1],"4":[26,1],"5":[24,2],"6":[22,2],"7":[21,1],"8":[15,6],"9":[14,1],"10":[13,1]},"f":{"1":21,"2":27,"3":27,"4":13,"5":4,"6":27},"fnMap":{"1":{"name":"ICO","line":34,"loc":{"start":{"line":34,"column":4},"end":{"line":34,"column":90}}},"2":{"name":null,"line":52,"loc":{"start":{"line":52,"column":4},"end":{"line":52,"column":29}}},"3":{"name":"buyTokens","line":59,"loc":{"start":{"line":59,"column":4},"end":{"line":59,"column":37}}},"4":{"name":"addToWhiteList","line":75,"loc":{"start":{"line":75,"column":4},"end":{"line":75,"column":90}}},"5":{"name":"closeSale","line":84,"loc":{"start":{"line":84,"column":4},"end":{"line":84,"column":55}}},"6":{"name":"validatePurchase","line":91,"loc":{"start":{"line":91,"column":4},"end":{"line":91,"column":53}}}},"statementMap":{"1":{"start":{"line":35,"column":8},"end":{"line":35,"column":25}},"2":{"start":{"line":36,"column":8},"end":{"line":36,"column":37}},"3":{"start":{"line":37,"column":8},"end":{"line":37,"column":54}},"4":{"start":{"line":39,"column":8},"end":{"line":39,"column":23}},"5":{"start":{"line":40,"column":8},"end":{"line":40,"column":19}},"6":{"start":{"line":41,"column":8},"end":{"line":41,"column":31}},"7":{"start":{"line":42,"column":8},"end":{"line":42,"column":25}},"8":{"start":{"line":43,"column":8},"end":{"line":43,"column":23}},"9":{"start":{"line":44,"column":8},"end":{"line":44,"column":20}},"10":{"start":{"line":46,"column":8},"end":{"line":46,"column":35}},"11":{"start":{"line":53,"column":8},"end":{"line":53,"column":18}},"12":{"start":{"line":60,"column":8},"end":{"line":60,"column":34}},"13":{"start":{"line":61,"column":8},"end":{"line":61,"column":47}},"14":{"start":{"line":62,"column":8},"end":{"line":62,"column":57}},"15":{"start":{"line":63,"column":8},"end":{"line":63,"column":43}},"16":{"start":{"line":66,"column":13},"end":{"line":66,"column":66}},"17":{"start":{"line":76,"column":8},"end":{"line":76,"column":2291}},"18":{"start":{"line":77,"column":12},"end":{"line":77,"column":80}},"19":{"start":{"line":85,"column":8},"end":{"line":85,"column":24}},"20":{"start":{"line":92,"column":8},"end":{"line":92,"column":27}},"21":{"start":{"line":93,"column":8},"end":{"line":93,"column":34}},"22":{"start":{"line":94,"column":8},"end":{"line":94,"column":51}},"23":{"start":{"line":95,"column":8},"end":{"line":95,"column":45}},"24":{"start":{"line":97,"column":8},"end":{"line":97,"column":80}},"25":{"start":{"line":98,"column":8},"end":{"line":98,"column":49}},"26":{"start":{"line":100,"column":8},"end":{"line":100,"column":87}},"27":{"start":{"line":102,"column":8},"end":{"line":102,"column":94}}},"branchMap":{"1":{"line":35,"type":"if","locations":[{"start":{"line":35,"column":8},"end":{"line":35,"column":8}},{"start":{"line":35,"column":8},"end":{"line":35,"column":8}}]},"2":{"line":36,"type":"if","locations":[{"start":{"line":36,"column":8},"end":{"line":36,"column":8}},{"start":{"line":36,"column":8},"end":{"line":36,"column":8}}]},"3":{"line":37,"type":"if","locations":[{"start":{"line":37,"column":8},"end":{"line":37,"column":8}},{"start":{"line":37,"column":8},"end":{"line":37,"column":8}}]},"4":{"line":92,"type":"if","locations":[{"start":{"line":92,"column":8},"end":{"line":92,"column":8}},{"start":{"line":92,"column":8},"end":{"line":92,"column":8}}]},"5":{"line":93,"type":"if","locations":[{"start":{"line":93,"column":8},"end":{"line":93,"column":8}},{"start":{"line":93,"column":8},"end":{"line":93,"column":8}}]},"6":{"line":94,"type":"if","locations":[{"start":{"line":94,"column":8},"end":{"line":94,"column":8}},{"start":{"line":94,"column":8},"end":{"line":94,"column":8}}]},"7":{"line":95,"type":"if","locations":[{"start":{"line":95,"column":8},"end":{"line":95,"column":8}},{"start":{"line":95,"column":8},"end":{"line":95,"column":8}}]},"8":{"line":97,"type":"if","locations":[{"start":{"line":97,"column":8},"end":{"line":97,"column":8}},{"start":{"line":97,"column":8},"end":{"line":97,"column":8}}]},"9":{"line":100,"type":"if","locations":[{"start":{"line":100,"column":8},"end":{"line":100,"column":8}},{"start":{"line":100,"column":8},"end":{"line":100,"column":8}}]},"10":{"line":102,"type":"if","locations":[{"start":{"line":102,"column":8},"end":{"line":102,"column":8}},{"start":{"line":102,"column":8},"end":{"line":102,"column":8}}]}}},"contracts/OneledgerToken.sol":{"l":{"23":21,"24":19,"32":34,"39":15,"46":16,"53":3},"path":"/Users/yangli/dev/OLT/contracts/OneledgerToken.sol","s":{"1":21,"2":34,"3":15,"4":16,"5":3},"b":{"1":[19,2]},"f":{"1":21,"2":34,"3":15,"4":16,"5":3},"fnMap":{"1":{"name":"isActived","line":22,"loc":{"start":{"line":22,"column":4},"end":{"line":22,"column":22}}},"2":{"name":"OneledgerToken","line":31,"loc":{"start":{"line":31,"column":4},"end":{"line":31,"column":34}}},"3":{"name":"activate","line":38,"loc":{"start":{"line":38,"column":4},"end":{"line":38,"column":38}}},"4":{"name":"transfer","line":45,"loc":{"start":{"line":45,"column":4},"end":{"line":45,"column":81}}},"5":{"name":"transferFrom","line":52,"loc":{"start":{"line":52,"column":4},"end":{"line":52,"column":96}}}},"statementMap":{"1":{"start":{"line":23,"column":8},"end":{"line":23,"column":30}},"2":{"start":{"line":32,"column":8},"end":{"line":32,"column":21}},"3":{"start":{"line":39,"column":8},"end":{"line":39,"column":20}},"4":{"start":{"line":46,"column":8},"end":{"line":46,"column":40}},"5":{"start":{"line":53,"column":8},"end":{"line":53,"column":50}}},"branchMap":{"1":{"line":23,"type":"if","locations":[{"start":{"line":23,"column":8},"end":{"line":23,"column":8}},{"start":{"line":23,"column":8},"end":{"line":23,"column":8}}]}}},"contracts/OneledgerTokenVesting.sol":{"l":{"36":6,"37":5,"39":4,"40":4,"41":4,"42":4,"43":4,"51":6,"52":5,"53":5,"54":5,"55":5,"56":3,"57":3,"66":5,"67":5,"68":5,"69":5,"70":5,"71":1,"73":4},"path":"/Users/yangli/dev/OLT/contracts/OneledgerTokenVesting.sol","s":{"1":6,"2":5,"3":4,"4":4,"5":4,"6":4,"7":4,"8":6,"9":5,"10":5,"11":3,"12":3,"13":5,"14":5,"15":5,"16":5,"17":5,"18":1,"19":4},"b":{"1":[5,1],"2":[4,1],"3":[5,1],"4":[3,2],"5":[1,4]},"f":{"1":6,"2":6,"3":5},"fnMap":{"1":{"name":"OneledgerTokenVesting","line":30,"loc":{"start":{"line":30,"column":4},"end":{"line":35,"column":14}}},"2":{"name":"release","line":50,"loc":{"start":{"line":50,"column":4},"end":{"line":50,"column":47}}},"3":{"name":"releasableAmount","line":65,"loc":{"start":{"line":65,"column":4},"end":{"line":65,"column":88}}}},"statementMap":{"1":{"start":{"line":36,"column":8},"end":{"line":36,"column":42}},"2":{"start":{"line":37,"column":8},"end":{"line":37,"column":33}},"3":{"start":{"line":39,"column":8},"end":{"line":39,"column":33}},"4":{"start":{"line":40,"column":8},"end":{"line":40,"column":29}},"5":{"start":{"line":41,"column":8},"end":{"line":41,"column":23}},"6":{"start":{"line":42,"column":8},"end":{"line":42,"column":55}},"7":{"start":{"line":43,"column":8},"end":{"line":43,"column":25}},"8":{"start":{"line":51,"column":8},"end":{"line":51,"column":62}},"9":{"start":{"line":54,"column":8},"end":{"line":54,"column":76}},"10":{"start":{"line":55,"column":8},"end":{"line":55,"column":36}},"11":{"start":{"line":56,"column":8},"end":{"line":56,"column":67}},"12":{"start":{"line":58,"column":13},"end":{"line":58,"column":38}},"13":{"start":{"line":66,"column":8},"end":{"line":66,"column":47}},"14":{"start":{"line":67,"column":8},"end":{"line":67,"column":84}},"15":{"start":{"line":68,"column":8},"end":{"line":68,"column":55}},"16":{"start":{"line":69,"column":8},"end":{"line":69,"column":88}},"17":{"start":{"line":70,"column":8},"end":{"line":70,"column":2432}},"18":{"start":{"line":71,"column":12},"end":{"line":71,"column":62}},"19":{"start":{"line":73,"column":12},"end":{"line":73,"column":65}}},"branchMap":{"1":{"line":36,"type":"if","locations":[{"start":{"line":36,"column":8},"end":{"line":36,"column":8}},{"start":{"line":36,"column":8},"end":{"line":36,"column":8}}]},"2":{"line":37,"type":"if","locations":[{"start":{"line":37,"column":8},"end":{"line":37,"column":8}},{"start":{"line":37,"column":8},"end":{"line":37,"column":8}}]},"3":{"line":51,"type":"if","locations":[{"start":{"line":51,"column":8},"end":{"line":51,"column":8}},{"start":{"line":51,"column":8},"end":{"line":51,"column":8}}]},"4":{"line":55,"type":"if","locations":[{"start":{"line":55,"column":8},"end":{"line":55,"column":8}},{"start":{"line":55,"column":8},"end":{"line":55,"column":8}}]},"5":{"line":70,"type":"if","locations":[{"start":{"line":70,"column":8},"end":{"line":70,"column":8}},{"start":{"line":70,"column":8},"end":{"line":70,"column":8}}]}}}}